<?xml version="1.0" encoding="UTF-8"?>
<testng-results skipped="0" failed="0" ignored="0" total="1" passed="1">
  <reporter-output>
  </reporter-output>
  <suite name="Default suite" duration-ms="37" started-at="2022-06-09T17:59:44 IST" finished-at="2022-06-09T17:59:44 IST">
    <groups>
    </groups>
    <test name="Default test" duration-ms="37" started-at="2022-06-09T17:59:44 IST" finished-at="2022-06-09T17:59:44 IST">
      <class name="testCases.Spicejet">
        <test-method status="PASS" signature="f()[pri:0, instance:testCases.Spicejet@1f28c152]" name="f" duration-ms="10" started-at="2022-06-09T17:59:44 IST" finished-at="2022-06-09T17:59:44 IST">
          <reporter-output>
          </reporter-output>
        </test-method> <!-- f -->
      </class> <!-- testCases.Spicejet -->
    </test> <!-- Default test -->
  </suite> <!-- Default suite -->
</testng-results>
